... logging to /home/ccocq/.ros/log/00090cbe-96d0-11eb-b67a-782b467b9b2a/roslaunch-ccocq-XPS-13-7390-27638.log
Checking log directory for disk usage. This may take a while.
Press Ctrl-C to interrupt
Done checking log file disk usage. Usage is <1GB.
]2;/home/ccocq/Workspace/catkin_ws_niryo_ned/src/niryo_robot_bringup/launch/desktop_rviz_simulation.launch
[1mstarted roslaunch server http://ccocq-XPS-13-7390:41365/[0m

SUMMARY
========

PARAMETERS
 * /controller_list: [{'default': True...
 * /gazebo_ros_control/pid_gains/joint_1/d: 1
 * /gazebo_ros_control/pid_gains/joint_1/i: 1
 * /gazebo_ros_control/pid_gains/joint_1/i_clamp: 1
 * /gazebo_ros_control/pid_gains/joint_1/p: 100
 * /gazebo_ros_control/pid_gains/joint_2/d: 1
 * /gazebo_ros_control/pid_gains/joint_2/i: 1
 * /gazebo_ros_control/pid_gains/joint_2/i_clamp: 1
 * /gazebo_ros_control/pid_gains/joint_2/p: 100
 * /gazebo_ros_control/pid_gains/joint_3/d: 1
 * /gazebo_ros_control/pid_gains/joint_3/i: 1
 * /gazebo_ros_control/pid_gains/joint_3/i_clamp: 1
 * /gazebo_ros_control/pid_gains/joint_3/p: 100
 * /gazebo_ros_control/pid_gains/joint_4/d: 1
 * /gazebo_ros_control/pid_gains/joint_4/i: 1
 * /gazebo_ros_control/pid_gains/joint_4/i_clamp: 1
 * /gazebo_ros_control/pid_gains/joint_4/p: 100
 * /gazebo_ros_control/pid_gains/joint_5/d: 1
 * /gazebo_ros_control/pid_gains/joint_5/i: 1
 * /gazebo_ros_control/pid_gains/joint_5/i_clamp: 1
 * /gazebo_ros_control/pid_gains/joint_5/p: 100
 * /gazebo_ros_control/pid_gains/joint_6/d: 1
 * /gazebo_ros_control/pid_gains/joint_6/i: 1
 * /gazebo_ros_control/pid_gains/joint_6/i_clamp: 1
 * /gazebo_ros_control/pid_gains/joint_6/p: 100
 * /hardware_control_loop/loop_hz: 25
 * /joint_state_controller/publish_rate: 50
 * /joint_state_controller/type: joint_state_contr...
 * /move_group/allow_trajectory_execution: True
 * /move_group/arm/longest_valid_segment_fraction: 0.005
 * /move_group/arm/planner_configs: ['SBLkConfigDefau...
 * /move_group/arm/projection_evaluator: joints(joint_1,jo...
 * /move_group/controller_list: [{'default': True...
 * /move_group/gazebo_ros_control/pid_gains/joint_1/d: 1
 * /move_group/gazebo_ros_control/pid_gains/joint_1/i: 1
 * /move_group/gazebo_ros_control/pid_gains/joint_1/i_clamp: 1
 * /move_group/gazebo_ros_control/pid_gains/joint_1/p: 100
 * /move_group/gazebo_ros_control/pid_gains/joint_2/d: 1
 * /move_group/gazebo_ros_control/pid_gains/joint_2/i: 1
 * /move_group/gazebo_ros_control/pid_gains/joint_2/i_clamp: 1
 * /move_group/gazebo_ros_control/pid_gains/joint_2/p: 100
 * /move_group/gazebo_ros_control/pid_gains/joint_3/d: 1
 * /move_group/gazebo_ros_control/pid_gains/joint_3/i: 1
 * /move_group/gazebo_ros_control/pid_gains/joint_3/i_clamp: 1
 * /move_group/gazebo_ros_control/pid_gains/joint_3/p: 100
 * /move_group/gazebo_ros_control/pid_gains/joint_4/d: 1
 * /move_group/gazebo_ros_control/pid_gains/joint_4/i: 1
 * /move_group/gazebo_ros_control/pid_gains/joint_4/i_clamp: 1
 * /move_group/gazebo_ros_control/pid_gains/joint_4/p: 100
 * /move_group/gazebo_ros_control/pid_gains/joint_5/d: 1
 * /move_group/gazebo_ros_control/pid_gains/joint_5/i: 1
 * /move_group/gazebo_ros_control/pid_gains/joint_5/i_clamp: 1
 * /move_group/gazebo_ros_control/pid_gains/joint_5/p: 100
 * /move_group/gazebo_ros_control/pid_gains/joint_6/d: 1
 * /move_group/gazebo_ros_control/pid_gains/joint_6/i: 1
 * /move_group/gazebo_ros_control/pid_gains/joint_6/i_clamp: 1
 * /move_group/gazebo_ros_control/pid_gains/joint_6/p: 100
 * /move_group/hardware_control_loop/loop_hz: 25
 * /move_group/jiggle_fraction: 0.05
 * /move_group/joint_state_controller/publish_rate: 50
 * /move_group/joint_state_controller/type: joint_state_contr...
 * /move_group/max_range: 5.0
 * /move_group/max_safe_path_cost: 1
 * /move_group/moveit_controller_manager: moveit_simple_con...
 * /move_group/moveit_manage_controllers: True
 * /move_group/niryo_robot_follow_joint_trajectory_controller/action_monitor_rate: 10
 * /move_group/niryo_robot_follow_joint_trajectory_controller/constraints/goal_time: 1.0
 * /move_group/niryo_robot_follow_joint_trajectory_controller/constraints/joint_1/goal: 0.2
 * /move_group/niryo_robot_follow_joint_trajectory_controller/constraints/joint_1/trajectory: 0.5
 * /move_group/niryo_robot_follow_joint_trajectory_controller/constraints/joint_2/goal: 0.2
 * /move_group/niryo_robot_follow_joint_trajectory_controller/constraints/joint_2/trajectory: 0.5
 * /move_group/niryo_robot_follow_joint_trajectory_controller/constraints/joint_3/goal: 0.2
 * /move_group/niryo_robot_follow_joint_trajectory_controller/constraints/joint_3/trajectory: 0.5
 * /move_group/niryo_robot_follow_joint_trajectory_controller/constraints/joint_4/goal: 0.2
 * /move_group/niryo_robot_follow_joint_trajectory_controller/constraints/joint_4/trajectory: 0.5
 * /move_group/niryo_robot_follow_joint_trajectory_controller/constraints/joint_5/goal: 0.3
 * /move_group/niryo_robot_follow_joint_trajectory_controller/constraints/joint_5/trajectory: 1.0
 * /move_group/niryo_robot_follow_joint_trajectory_controller/constraints/joint_6/goal: 0.3
 * /move_group/niryo_robot_follow_joint_trajectory_controller/constraints/joint_6/trajectory: 1.0
 * /move_group/niryo_robot_follow_joint_trajectory_controller/constraints/stopped_velocity_tolerance: 0.05
 * /move_group/niryo_robot_follow_joint_trajectory_controller/joints: ['joint_1', 'join...
 * /move_group/niryo_robot_follow_joint_trajectory_controller/state_publish_rate: 20
 * /move_group/niryo_robot_follow_joint_trajectory_controller/stop_trajectory_duration: 1.0
 * /move_group/niryo_robot_follow_joint_trajectory_controller/type: position_controll...
 * /move_group/octomap_resolution: 0.025
 * /move_group/planner_configs/BFMTkConfigDefault/balanced: 0
 * /move_group/planner_configs/BFMTkConfigDefault/cache_cc: 1
 * /move_group/planner_configs/BFMTkConfigDefault/extended_fmt: 1
 * /move_group/planner_configs/BFMTkConfigDefault/heuristics: 1
 * /move_group/planner_configs/BFMTkConfigDefault/nearest_k: 1
 * /move_group/planner_configs/BFMTkConfigDefault/num_samples: 1000
 * /move_group/planner_configs/BFMTkConfigDefault/optimality: 1
 * /move_group/planner_configs/BFMTkConfigDefault/radius_multiplier: 1.0
 * /move_group/planner_configs/BFMTkConfigDefault/type: geometric::BFMT
 * /move_group/planner_configs/BKPIECEkConfigDefault/border_fraction: 0.9
 * /move_group/planner_configs/BKPIECEkConfigDefault/failed_expansion_score_factor: 0.5
 * /move_group/planner_configs/BKPIECEkConfigDefault/min_valid_path_fraction: 0.5
 * /move_group/planner_configs/BKPIECEkConfigDefault/range: 0.0
 * /move_group/planner_configs/BKPIECEkConfigDefault/type: geometric::BKPIECE
 * /move_group/planner_configs/BiESTkConfigDefault/range: 0.0
 * /move_group/planner_configs/BiESTkConfigDefault/type: geometric::BiEST
 * /move_group/planner_configs/BiTRRTkConfigDefault/cost_threshold: 1e300
 * /move_group/planner_configs/BiTRRTkConfigDefault/frountier_node_ratio: 0.1
 * /move_group/planner_configs/BiTRRTkConfigDefault/frountier_threshold: 0.0
 * /move_group/planner_configs/BiTRRTkConfigDefault/init_temperature: 100
 * /move_group/planner_configs/BiTRRTkConfigDefault/range: 0.0
 * /move_group/planner_configs/BiTRRTkConfigDefault/temp_change_factor: 0.1
 * /move_group/planner_configs/BiTRRTkConfigDefault/type: geometric::BiTRRT
 * /move_group/planner_configs/ESTkConfigDefault/goal_bias: 0.05
 * /move_group/planner_configs/ESTkConfigDefault/range: 0.0
 * /move_group/planner_configs/ESTkConfigDefault/type: geometric::EST
 * /move_group/planner_configs/FMTkConfigDefault/cache_cc: 1
 * /move_group/planner_configs/FMTkConfigDefault/extended_fmt: 1
 * /move_group/planner_configs/FMTkConfigDefault/heuristics: 0
 * /move_group/planner_configs/FMTkConfigDefault/nearest_k: 1
 * /move_group/planner_configs/FMTkConfigDefault/num_samples: 1000
 * /move_group/planner_configs/FMTkConfigDefault/radius_multiplier: 1.1
 * /move_group/planner_configs/FMTkConfigDefault/type: geometric::FMT
 * /move_group/planner_configs/KPIECEkConfigDefault/border_fraction: 0.9
 * /move_group/planner_configs/KPIECEkConfigDefault/failed_expansion_score_factor: 0.5
 * /move_group/planner_configs/KPIECEkConfigDefault/goal_bias: 0.05
 * /move_group/planner_configs/KPIECEkConfigDefault/min_valid_path_fraction: 0.5
 * /move_group/planner_configs/KPIECEkConfigDefault/range: 0.0
 * /move_group/planner_configs/KPIECEkConfigDefault/type: geometric::KPIECE
 * /move_group/planner_configs/LBKPIECEkConfigDefault/border_fraction: 0.9
 * /move_group/planner_configs/LBKPIECEkConfigDefault/min_valid_path_fraction: 0.5
 * /move_group/planner_configs/LBKPIECEkConfigDefault/range: 0.0
 * /move_group/planner_configs/LBKPIECEkConfigDefault/type: geometric::LBKPIECE
 * /move_group/planner_configs/LBTRRTkConfigDefault/epsilon: 0.4
 * /move_group/planner_configs/LBTRRTkConfigDefault/goal_bias: 0.05
 * /move_group/planner_configs/LBTRRTkConfigDefault/range: 0.0
 * /move_group/planner_configs/LBTRRTkConfigDefault/type: geometric::LBTRRT
 * /move_group/planner_configs/LazyPRMkConfigDefault/range: 0.0
 * /move_group/planner_configs/LazyPRMkConfigDefault/type: geometric::LazyPRM
 * /move_group/planner_configs/LazyPRMstarkConfigDefault/type: geometric::LazyPR...
 * /move_group/planner_configs/PDSTkConfigDefault/type: geometric::PDST
 * /move_group/planner_configs/PRMkConfigDefault/max_nearest_neighbors: 10
 * /move_group/planner_configs/PRMkConfigDefault/type: geometric::PRM
 * /move_group/planner_configs/PRMstarkConfigDefault/type: geometric::PRMstar
 * /move_group/planner_configs/ProjESTkConfigDefault/goal_bias: 0.05
 * /move_group/planner_configs/ProjESTkConfigDefault/range: 0.0
 * /move_group/planner_configs/ProjESTkConfigDefault/type: geometric::ProjEST
 * /move_group/planner_configs/RRTConnectkConfigDefault/range: 0.0
 * /move_group/planner_configs/RRTConnectkConfigDefault/type: geometric::RRTCon...
 * /move_group/planner_configs/RRTkConfigDefault/goal_bias: 0.05
 * /move_group/planner_configs/RRTkConfigDefault/range: 0.0
 * /move_group/planner_configs/RRTkConfigDefault/type: geometric::RRT
 * /move_group/planner_configs/RRTstarkConfigDefault/delay_collision_checking: 1
 * /move_group/planner_configs/RRTstarkConfigDefault/goal_bias: 0.05
 * /move_group/planner_configs/RRTstarkConfigDefault/range: 0.0
 * /move_group/planner_configs/RRTstarkConfigDefault/type: geometric::RRTstar
 * /move_group/planner_configs/SBLkConfigDefault/range: 0.0
 * /move_group/planner_configs/SBLkConfigDefault/type: geometric::SBL
 * /move_group/planner_configs/SPARSkConfigDefault/dense_delta_fraction: 0.001
 * /move_group/planner_configs/SPARSkConfigDefault/max_failures: 1000
 * /move_group/planner_configs/SPARSkConfigDefault/sparse_delta_fraction: 0.25
 * /move_group/planner_configs/SPARSkConfigDefault/stretch_factor: 3.0
 * /move_group/planner_configs/SPARSkConfigDefault/type: geometric::SPARS
 * /move_group/planner_configs/SPARStwokConfigDefault/dense_delta_fraction: 0.001
 * /move_group/planner_configs/SPARStwokConfigDefault/max_failures: 5000
 * /move_group/planner_configs/SPARStwokConfigDefault/sparse_delta_fraction: 0.25
 * /move_group/planner_configs/SPARStwokConfigDefault/stretch_factor: 3.0
 * /move_group/planner_configs/SPARStwokConfigDefault/type: geometric::SPARStwo
 * /move_group/planner_configs/STRIDEkConfigDefault/degree: 16
 * /move_group/planner_configs/STRIDEkConfigDefault/estimated_dimension: 0.0
 * /move_group/planner_configs/STRIDEkConfigDefault/goal_bias: 0.05
 * /move_group/planner_configs/STRIDEkConfigDefault/max_degree: 18
 * /move_group/planner_configs/STRIDEkConfigDefault/max_pts_per_leaf: 6
 * /move_group/planner_configs/STRIDEkConfigDefault/min_degree: 12
 * /move_group/planner_configs/STRIDEkConfigDefault/min_valid_path_fraction: 0.2
 * /move_group/planner_configs/STRIDEkConfigDefault/range: 0.0
 * /move_group/planner_configs/STRIDEkConfigDefault/type: geometric::STRIDE
 * /move_group/planner_configs/STRIDEkConfigDefault/use_projected_distance: 0
 * /move_group/planner_configs/TRRTkConfigDefault/frountierNodeRatio: 0.1
 * /move_group/planner_configs/TRRTkConfigDefault/frountier_threshold: 0.0
 * /move_group/planner_configs/TRRTkConfigDefault/goal_bias: 0.05
 * /move_group/planner_configs/TRRTkConfigDefault/init_temperature: 10e-6
 * /move_group/planner_configs/TRRTkConfigDefault/k_constant: 0.0
 * /move_group/planner_configs/TRRTkConfigDefault/max_states_failed: 10
 * /move_group/planner_configs/TRRTkConfigDefault/min_temperature: 10e-10
 * /move_group/planner_configs/TRRTkConfigDefault/range: 0.0
 * /move_group/planner_configs/TRRTkConfigDefault/temp_change_factor: 2.0
 * /move_group/planner_configs/TRRTkConfigDefault/type: geometric::TRRT
 * /move_group/planning_plugin: ompl_interface/OM...
 * /move_group/planning_scene_monitor/publish_geometry_updates: True
 * /move_group/planning_scene_monitor/publish_planning_scene: True
 * /move_group/planning_scene_monitor/publish_state_updates: True
 * /move_group/planning_scene_monitor/publish_transforms_updates: True
 * /move_group/request_adapters: default_planner_r...
 * /move_group/start_state_max_bounds_error: 0.1
 * /move_group/trajectory_execution/allowed_execution_duration_scaling: 1.2
 * /move_group/trajectory_execution/allowed_goal_duration_margin: 0.5
 * /move_group/trajectory_execution/allowed_start_tolerance: 0.0
 * /move_group/trajectory_execution/execution_duration_monitoring: False
 * /niryo_robot/hardware_version: ned
 * /niryo_robot/info/niryo_robot_type: NIRYO_NED
 * /niryo_robot/info/robot_type: niryo_ned
 * /niryo_robot/info/ros_version: 3.0.0
 * /niryo_robot/python_ros_wrapper/action_connection_timeout: 20
 * /niryo_robot/python_ros_wrapper/action_execute_timeout: 60
 * /niryo_robot/python_ros_wrapper/action_preempt_timeout: 60
 * /niryo_robot/python_ros_wrapper/service_timeout: 2
 * /niryo_robot/reboot_when_auto_change_version: True
 * /niryo_robot/robot_command_validation/position_limits/x/max: 0.5
 * /niryo_robot/robot_command_validation/position_limits/x/min: -0.5
 * /niryo_robot/robot_command_validation/position_limits/y/max: 0.5
 * /niryo_robot/robot_command_validation/position_limits/y/min: -0.5
 * /niryo_robot/robot_command_validation/position_limits/z/max: 0.6
 * /niryo_robot/robot_command_validation/position_limits/z/min: -0.15
 * /niryo_robot/robot_command_validation/rpy_limits/pitch/max: 3.142
 * /niryo_robot/robot_command_validation/rpy_limits/pitch/min: -3.142
 * /niryo_robot/robot_command_validation/rpy_limits/roll/max: 3.142
 * /niryo_robot/robot_command_validation/rpy_limits/roll/min: -3.142
 * /niryo_robot/robot_command_validation/rpy_limits/yaw/max: 3.142
 * /niryo_robot/robot_command_validation/rpy_limits/yaw/min: -3.142
 * /niryo_robot/robot_state/rate_publish_state: 20.0
 * /niryo_robot/simulation_mode: True
 * /niryo_robot_commander/active_publish_rate_sec: 0.1
 * /niryo_robot_commander/allow_replanning: True
 * /niryo_robot_commander/check_disable_jog_rate: 1.0
 * /niryo_robot_commander/command_still_active_max_tries: 3
 * /niryo_robot_commander/compute_plan_max_tries: 3
 * /niryo_robot_commander/goal_joint_tolerance: 0.0001
 * /niryo_robot_commander/goal_orientation_tolerance: 0.001
 * /niryo_robot_commander/goal_position_tolerance: 0.0001
 * /niryo_robot_commander/jog_enable_publish_rate: 1.0
 * /niryo_robot_commander/jog_limits/joints: 0.2
 * /niryo_robot_commander/jog_limits/rotation: 0.5
 * /niryo_robot_commander/jog_limits/translation: 0.05
 * /niryo_robot_commander/jog_timer_rate_sec: 0.15
 * /niryo_robot_commander/joint_controller_name: /niryo_robot_foll...
 * /niryo_robot_commander/move_group_commander_name: arm
 * /niryo_robot_commander/pause_timeout: 45.0
 * /niryo_robot_commander/reference_frame: world
 * /niryo_robot_commander/simu_gripper: False
 * /niryo_robot_commander/time_without_jog_limit: 2.0
 * /niryo_robot_commander/tool_timeout: 3.0
 * /niryo_robot_commander/trajectory_minimum_timeout: 3.0
 * /niryo_robot_follow_joint_trajectory_controller/action_monitor_rate: 10
 * /niryo_robot_follow_joint_trajectory_controller/constraints/goal_time: 1.0
 * /niryo_robot_follow_joint_trajectory_controller/constraints/joint_1/goal: 0.2
 * /niryo_robot_follow_joint_trajectory_controller/constraints/joint_1/trajectory: 0.5
 * /niryo_robot_follow_joint_trajectory_controller/constraints/joint_2/goal: 0.2
 * /niryo_robot_follow_joint_trajectory_controller/constraints/joint_2/trajectory: 0.5
 * /niryo_robot_follow_joint_trajectory_controller/constraints/joint_3/goal: 0.2
 * /niryo_robot_follow_joint_trajectory_controller/constraints/joint_3/trajectory: 0.5
 * /niryo_robot_follow_joint_trajectory_controller/constraints/joint_4/goal: 0.2
 * /niryo_robot_follow_joint_trajectory_controller/constraints/joint_4/trajectory: 0.5
 * /niryo_robot_follow_joint_trajectory_controller/constraints/joint_5/goal: 0.3
 * /niryo_robot_follow_joint_trajectory_controller/constraints/joint_5/trajectory: 1.0
 * /niryo_robot_follow_joint_trajectory_controller/constraints/joint_6/goal: 0.3
 * /niryo_robot_follow_joint_trajectory_controller/constraints/joint_6/trajectory: 1.0
 * /niryo_robot_follow_joint_trajectory_controller/constraints/stopped_velocity_tolerance: 0.05
 * /niryo_robot_follow_joint_trajectory_controller/joints: ['joint_1', 'join...
 * /niryo_robot_follow_joint_trajectory_controller/state_publish_rate: 20
 * /niryo_robot_follow_joint_trajectory_controller/stop_trajectory_duration: 1.0
 * /niryo_robot_follow_joint_trajectory_controller/type: position_controll...
 * /niryo_robot_hardware_interface/calibration_file: /home/niryo/niryo...
 * /niryo_robot_hardware_interface/calibration_timeout: 30
 * /niryo_robot_hardware_interface/can_enabled: True
 * /niryo_robot_hardware_interface/conveyor/id: 6
 * /niryo_robot_hardware_interface/conveyor/id_list: [12, 13]
 * /niryo_robot_hardware_interface/conveyor/max_effort: 90
 * /niryo_robot_hardware_interface/conveyor/publish_frequency: 2
 * /niryo_robot_hardware_interface/debug: False
 * /niryo_robot_hardware_interface/dxl_enabled: True
 * /niryo_robot_hardware_interface/dynamixel_driver/dxl_bus/dxl_baudrate: 1000000
 * /niryo_robot_hardware_interface/dynamixel_driver/dxl_bus/dxl_uart_device_name: /dev/ttyAMA0
 * /niryo_robot_hardware_interface/dynamixel_driver/dxl_end_effector_frequency: 2.0
 * /niryo_robot_hardware_interface/dynamixel_driver/dxl_hardware_check_connection_frequency: 2.0
 * /niryo_robot_hardware_interface/dynamixel_driver/dxl_hardware_control_loop_frequency: 100.0
 * /niryo_robot_hardware_interface/dynamixel_driver/dxl_hardware_read_data_frequency: 15.0
 * /niryo_robot_hardware_interface/dynamixel_driver/dxl_hardware_read_status_frequency: 0.5
 * /niryo_robot_hardware_interface/dynamixel_driver/dxl_hardware_write_frequency: 50.0
 * /niryo_robot_hardware_interface/dynamixels/dxl_1_D_gain: 1000
 * /niryo_robot_hardware_interface/dynamixels/dxl_1_FF1_gain: 0
 * /niryo_robot_hardware_interface/dynamixels/dxl_1_FF2_gain: 0
 * /niryo_robot_hardware_interface/dynamixels/dxl_1_I_gain: 500
 * /niryo_robot_hardware_interface/dynamixels/dxl_1_P_gain: 640
 * /niryo_robot_hardware_interface/dynamixels/dxl_1_offset_position: 0
 * /niryo_robot_hardware_interface/dynamixels/dxl_2_D_gain: 1000
 * /niryo_robot_hardware_interface/dynamixels/dxl_2_FF1_gain: 0
 * /niryo_robot_hardware_interface/dynamixels/dxl_2_FF2_gain: 0
 * /niryo_robot_hardware_interface/dynamixels/dxl_2_I_gain: 500
 * /niryo_robot_hardware_interface/dynamixels/dxl_2_P_gain: 640
 * /niryo_robot_hardware_interface/dynamixels/dxl_2_offset_position: 0
 * /niryo_robot_hardware_interface/dynamixels/dxl_3_D_gain: 40
 * /niryo_robot_hardware_interface/dynamixels/dxl_3_FF1_gain: 0
 * /niryo_robot_hardware_interface/dynamixels/dxl_3_FF2_gain: 0
 * /niryo_robot_hardware_interface/dynamixels/dxl_3_I_gain: 20
 * /niryo_robot_hardware_interface/dynamixels/dxl_3_P_gain: 100
 * /niryo_robot_hardware_interface/dynamixels/dxl_3_offset_position: 0
 * /niryo_robot_hardware_interface/dynamixels/xc430_middle_position: 2047
 * /niryo_robot_hardware_interface/dynamixels/xl320_middle_position: 511
 * /niryo_robot_hardware_interface/dynamixels/xl330_middle_position: 2047
 * /niryo_robot_hardware_interface/dynamixels/xl430_middle_position: 2047
 * /niryo_robot_hardware_interface/gazebo: False
 * /niryo_robot_hardware_interface/hardware_version: ned
 * /niryo_robot_hardware_interface/joint_1_id: 1
 * /niryo_robot_hardware_interface/joint_1_name: joint_1
 * /niryo_robot_hardware_interface/joint_1_type: 1
 * /niryo_robot_hardware_interface/joint_2_id: 2
 * /niryo_robot_hardware_interface/joint_2_name: joint_2
 * /niryo_robot_hardware_interface/joint_2_type: 1
 * /niryo_robot_hardware_interface/joint_3_id: 3
 * /niryo_robot_hardware_interface/joint_3_name: joint_3
 * /niryo_robot_hardware_interface/joint_3_type: 1
 * /niryo_robot_hardware_interface/joint_4_id: 2
 * /niryo_robot_hardware_interface/joint_4_name: joint_4
 * /niryo_robot_hardware_interface/joint_4_type: 2
 * /niryo_robot_hardware_interface/joint_5_id: 3
 * /niryo_robot_hardware_interface/joint_5_name: joint_5
 * /niryo_robot_hardware_interface/joint_5_type: 2
 * /niryo_robot_hardware_interface/joint_6_id: 6
 * /niryo_robot_hardware_interface/joint_6_name: joint_6
 * /niryo_robot_hardware_interface/joint_6_type: 3
 * /niryo_robot_hardware_interface/motors_params/dxl_motor_id_list: [2, 3, 6]
 * /niryo_robot_hardware_interface/motors_params/dxl_motor_type_list: ['xl430', 'xl430'...
 * /niryo_robot_hardware_interface/motors_params/stepper_motor_id_list: [1, 2, 3]
 * /niryo_robot_hardware_interface/publish_hw_status_frequency: 2.0
 * /niryo_robot_hardware_interface/publish_learning_mode_frequency: 2.0
 * /niryo_robot_hardware_interface/publish_software_version_frequency: 2.0
 * /niryo_robot_hardware_interface/read_rpi_diagnostics_frequency: 0.25
 * /niryo_robot_hardware_interface/ros_control_loop_frequency: 100.0
 * /niryo_robot_hardware_interface/simu_gripper: False
 * /niryo_robot_hardware_interface/simulation_mode: True
 * /niryo_robot_hardware_interface/stepper_driver/can_bus/gpio_can_interrupt: 25
 * /niryo_robot_hardware_interface/stepper_driver/can_bus/spi_baudrate: 1000000
 * /niryo_robot_hardware_interface/stepper_driver/can_bus/spi_channel: 0
 * /niryo_robot_hardware_interface/stepper_driver/can_hardware_control_loop_frequency: 1500.0
 * /niryo_robot_hardware_interface/stepper_driver/can_hw_check_connection_frequency: 3.0
 * /niryo_robot_hardware_interface/stepper_driver/can_hw_write_frequency: 50.0
 * /niryo_robot_hardware_interface/steppers/stepper_1_direction: -1.0
 * /niryo_robot_hardware_interface/steppers/stepper_1_gear_ratio: 5.4375
 * /niryo_robot_hardware_interface/steppers/stepper_1_home_position: 0.0
 * /niryo_robot_hardware_interface/steppers/stepper_1_id: 1
 * /niryo_robot_hardware_interface/steppers/stepper_1_max_effort: 110
 * /niryo_robot_hardware_interface/steppers/stepper_1_offset_position: 2.96706
 * /niryo_robot_hardware_interface/steppers/stepper_2_direction: -1.0
 * /niryo_robot_hardware_interface/steppers/stepper_2_gear_ratio: 8.5625
 * /niryo_robot_hardware_interface/steppers/stepper_2_home_position: 0.5
 * /niryo_robot_hardware_interface/steppers/stepper_2_id: 2
 * /niryo_robot_hardware_interface/steppers/stepper_2_max_effort: 130
 * /niryo_robot_hardware_interface/steppers/stepper_2_offset_position: 0.610865
 * /niryo_robot_hardware_interface/steppers/stepper_3_direction: -1.0
 * /niryo_robot_hardware_interface/steppers/stepper_3_gear_ratio: 7.6875
 * /niryo_robot_hardware_interface/steppers/stepper_3_home_position: -1.25
 * /niryo_robot_hardware_interface/steppers/stepper_3_id: 3
 * /niryo_robot_hardware_interface/steppers/stepper_3_max_effort: 120
 * /niryo_robot_hardware_interface/steppers/stepper_3_offset_position: -1.3439
 * /niryo_robot_hardware_interface/temperature_shutdown_threshold: 85
 * /niryo_robot_hardware_interface/temperature_warn_threshold: 75
 * /niryo_robot_hardware_interface/tools_interface/check_tool_connection_frequency: 2.0
 * /niryo_robot_hardware_interface/tools_interface/tools_params/id_list: [11, 12, 13, 14, 31]
 * /niryo_robot_hardware_interface/tools_interface/tools_params/motor_type_list: ['xl330', 'xl330'...
 * /niryo_robot_modbus/server_address: 0.0.0.0
 * /niryo_robot_modbus/server_port: 5020
 * /niryo_robot_poses_handlers/grip_dir: /home/ccocq/Works...
 * /niryo_robot_poses_handlers/poses_dir: ~/.niryo/simulati...
 * /niryo_robot_poses_handlers/trajectories_dir: ~/.niryo/simulati...
 * /niryo_robot_poses_handlers/workspace_dir: ~/.niryo/simulati...
 * /niryo_robot_programs_manager/autorun_file_name: autorun_config.yaml
 * /niryo_robot_programs_manager/execute_from_string_program_name: Last Interpreted ...
 * /niryo_robot_programs_manager/programs_dir: ~/.niryo/simulati...
 * /niryo_robot_programs_manager/standalone: False
 * /niryo_robot_rpi/publish_io_state_frequency: 10.0
 * /niryo_robot_rpi/ros_log_location: /home/niryo/.ros/log
 * /niryo_robot_rpi/ros_log_size_threshold: 1024
 * /niryo_robot_rpi/should_purge_ros_log_on_startup_file: /home/niryo/niryo...
 * /niryo_robot_tools/command_list/activate_digital_io: 21
 * /niryo_robot_tools/command_list/close_gripper: 2
 * /niryo_robot_tools/command_list/deactivate_digital_io: 22
 * /niryo_robot_tools/command_list/open_gripper: 1
 * /niryo_robot_tools/command_list/pull_air_vacuum_pump: 10
 * /niryo_robot_tools/command_list/push_air_vacuum_pump: 11
 * /niryo_robot_tools/command_list/setup_digital_io: 20
 * /niryo_robot_tools/namespace_topics: /niryo_robot/tools/
 * /niryo_robot_tools/simulation_mode: True
 * /niryo_robot_tools/state_dict/gripper_close: 17
 * /niryo_robot_tools/state_dict/gripper_open: 16
 * /niryo_robot_tools/state_dict/ping_error: 2
 * /niryo_robot_tools/state_dict/ping_ok: 1
 * /niryo_robot_tools/state_dict/ros_communication_problem: 160
 * /niryo_robot_tools/state_dict/timeout: 4
 * /niryo_robot_tools/state_dict/vacuum_pump_pulled: 32
 * /niryo_robot_tools/state_dict/vacuum_pump_pushed: 33
 * /niryo_robot_tools/state_dict/wrong_id: 3
 * /niryo_robot_tools/tool_list: [{'id': 0, 'type'...
 * /niryo_robot_vision/initialized: True
 * /robot_description: <?xml version="1....
 * /robot_description_kinematics/arm/kinematics_solver: kdl_kinematics_pl...
 * /robot_description_kinematics/arm/kinematics_solver_search_resolution: 0.005
 * /robot_description_kinematics/arm/kinematics_solver_timeout: 0.005
 * /robot_description_planning/joint_limits/joint_1/has_acceleration_limits: True
 * /robot_description_planning/joint_limits/joint_1/has_velocity_limits: True
 * /robot_description_planning/joint_limits/joint_1/max_acceleration: 2.6
 * /robot_description_planning/joint_limits/joint_1/max_velocity: 2.6
 * /robot_description_planning/joint_limits/joint_2/has_acceleration_limits: True
 * /robot_description_planning/joint_limits/joint_2/has_velocity_limits: True
 * /robot_description_planning/joint_limits/joint_2/max_acceleration: 1.5
 * /robot_description_planning/joint_limits/joint_2/max_velocity: 2.0
 * /robot_description_planning/joint_limits/joint_3/has_acceleration_limits: True
 * /robot_description_planning/joint_limits/joint_3/has_velocity_limits: True
 * /robot_description_planning/joint_limits/joint_3/max_acceleration: 1.6
 * /robot_description_planning/joint_limits/joint_3/max_velocity: 2.5
 * /robot_description_planning/joint_limits/joint_4/has_acceleration_limits: True
 * /robot_description_planning/joint_limits/joint_4/has_velocity_limits: True
 * /robot_description_planning/joint_limits/joint_4/max_acceleration: 3.14
 * /robot_description_planning/joint_limits/joint_4/max_velocity: 3.14
 * /robot_description_planning/joint_limits/joint_5/has_acceleration_limits: True
 * /robot_description_planning/joint_limits/joint_5/has_velocity_limits: True
 * /robot_description_planning/joint_limits/joint_5/max_acceleration: 3.14
 * /robot_description_planning/joint_limits/joint_5/max_velocity: 3.14
 * /robot_description_planning/joint_limits/joint_6/has_acceleration_limits: True
 * /robot_description_planning/joint_limits/joint_6/has_velocity_limits: True
 * /robot_description_planning/joint_limits/joint_6/max_acceleration: 3.14
 * /robot_description_planning/joint_limits/joint_6/max_velocity: 3.14
 * /robot_description_semantic: <?xml version="1....
 * /robot_description_tf2: <?xml version="1....
 * /rosapi/params_glob: [*]
 * /rosapi/services_glob: [*]
 * /rosapi/topics_glob: [*]
 * /rosbridge_websocket/address: 0.0.0.0
 * /rosbridge_websocket/authenticate: False
 * /rosbridge_websocket/bson_only_mode: False
 * /rosbridge_websocket/delay_between_messages: 0
 * /rosbridge_websocket/fragment_timeout: 600
 * /rosbridge_websocket/max_message_size: None
 * /rosbridge_websocket/params_glob: [*]
 * /